<?xml version="1.0" encoding="UTF-8"?>
<!-- Generated by org.testng.reporters.JUnitReportReporter -->
<testsuite hostname="personallaptop" name="page.tests.TestOrderPage" tests="7" failures="0" timestamp="11 Oct 2017 21:54:54 GMT" time="74.660" errors="0">
  <testcase name="testNegatives" time="0.252" classname="page.tests.TestOrderPage"/>
  <testcase name="testNullEntry" time="1.131" classname="page.tests.TestOrderPage"/>
  <testcase name="testDecimal" time="0.250" classname="page.tests.TestOrderPage"/>
  <testcase name="testPricingAndTaxes" time="71.557" classname="page.tests.TestOrderPage"/>
  <testcase name="testQuantity" time="0.217" classname="page.tests.TestOrderPage"/>
  <testcase name="testInvalidData" time="0.398" classname="page.tests.TestOrderPage"/>
  <testcase name="testNullState" time="0.855" classname="page.tests.TestOrderPage"/>
</testsuite> <!-- page.tests.TestOrderPage -->
